\BOOKMARK [0][-]{section*.1}{فهرست تصاویر}{}% 1
\BOOKMARK [0][-]{section*.2}{فهرست جداول}{}% 2
\BOOKMARK [0][-]{chapter.1}{مقدمه}{}% 3
\BOOKMARK [1][-]{section.1.1}{زنجیره‌تامین}{chapter.1}% 4
\BOOKMARK [1][-]{section.1.2}{جهانی‌شدن}{chapter.1}% 5
\BOOKMARK [1][-]{section.1.3}{انتخاب تامین‌کننده در زنجیره‌تامین}{chapter.1}% 6
\BOOKMARK [1][-]{section.1.4}{ ریسک در زنجیره‌تامین}{chapter.1}% 7
\BOOKMARK [1][-]{section.1.5}{چارچوب پایان‌نامه}{chapter.1}% 8
\BOOKMARK [0][-]{chapter.2}{پیشینه تحقیق}{}% 9
\BOOKMARK [1][-]{section.2.1}{انتخاب تامین‌کننده}{chapter.2}% 10
\BOOKMARK [2][-]{subsection.2.1.1}{روش‌های انتخاب تامین‌کننده}{section.2.1}% 11
\BOOKMARK [2][-]{subsection.2.1.2}{معیار‌های انتخاب تامین‌کننده}{section.2.1}% 12
\BOOKMARK [1][-]{section.2.2}{مدیریت ریسک در زنجیره‌تامین}{chapter.2}% 13
\BOOKMARK [2][-]{subsection.2.2.1}{ریسک و اثرات جهانی آن}{section.2.2}% 14
\BOOKMARK [2][-]{subsection.2.2.2}{اهمیت مدیریت‌ ریسک در زنجیره‌تامین}{section.2.2}% 15
\BOOKMARK [2][-]{subsection.2.2.3}{انواع ریسک در زنجیره‌تامین}{section.2.2}% 16
\BOOKMARK [0][-]{chapter.3}{کمی‌سازی ریسک}{}% 17
\BOOKMARK [1][-]{section.3.1}{مدل‌های Value at Risk}{chapter.3}% 18
\BOOKMARK [2][-]{subsection.3.1.1}{تابع Impact مربوط به VaR}{section.3.1}% 19
\BOOKMARK [2][-]{subsection.3.1.2}{تابع Occurrence مربوط به VaR}{section.3.1}% 20
\BOOKMARK [2][-]{subsection.3.1.3}{تابع ریسک VaR}{section.3.1}% 21
\BOOKMARK [1][-]{section.3.2}{مدل‌های Miss the Target}{chapter.3}% 22
\BOOKMARK [2][-]{subsection.3.2.1}{تابع Impact مربوط به MtT}{section.3.2}% 23
\BOOKMARK [2][-]{subsection.3.2.2}{تابع Occurrence مربوط به MtT}{section.3.2}% 24
\BOOKMARK [2][-]{subsection.3.2.3}{تابع ریسک MtT}{section.3.2}% 25
\BOOKMARK [1][-]{section.3.3}{ترکیب انواع مختلف ریسک‌های VaR و MtT}{chapter.3}% 26
\BOOKMARK [2][-]{subsection.3.3.1}{ترکیب ریسک‌های مختلف VaR یا MtT مربوط به یک تامین‌کننده یکسان}{section.3.3}% 27
\BOOKMARK [2][-]{subsection.3.3.2}{ترکیب ریسک‌های مشابه ناشی VaR یا MtT از تامین‌کنندگان مختلف}{section.3.3}% 28
\BOOKMARK [2][-]{subsection.3.3.3}{ترکیب ریسک‌های VaR یا MtT از همه تامین‌کنندگان }{section.3.3}% 29
\BOOKMARK [0][-]{chapter.4}{مدل‌های چندهدفه انتخاب تامین‌کننده}{}% 30
\BOOKMARK [1][-]{section.4.1}{مدل اول: مدل تک منبعی با در نظرگرفتن تامین‌کننده پشتیبان}{chapter.4}% 31
\BOOKMARK [1][-]{section.4.2}{مدل دوم: مدل چندمنبعی با در نظر گرفتن تخفیف}{chapter.4}% 32
\BOOKMARK [0][-]{chapter.5}{بهینه‌سازی چندهدفه}{}% 33
\BOOKMARK [1][-]{section.5.1}{پیشگفتار}{chapter.5}% 34
\BOOKMARK [1][-]{section.5.2}{مبانی بهینه‌سازی چندهدفه}{chapter.5}% 35
\BOOKMARK [1][-]{section.5.3}{روش‌های کلاسیک}{chapter.5}% 36
\BOOKMARK [2][-]{subsection.5.3.1}{روش برنامه‌ریزی آرمانی}{section.5.3}% 37
\BOOKMARK [1][-]{section.5.4}{الگوریتم‌های تکاملی}{chapter.5}% 38
\BOOKMARK [2][-]{subsection.5.4.1}{الگوریتم NSGA-2}{section.5.4}% 39
\BOOKMARK [0][-]{chapter.6}{مثال‌های عددی و روش‌های حل}{}% 40
\BOOKMARK [1][-]{section.6.1}{مثال عددی برای مدل اول}{chapter.6}% 41
\BOOKMARK [2][-]{subsection.6.1.1}{داده‌های مساله}{section.6.1}% 42
\BOOKMARK [2][-]{subsection.6.1.2}{نتایج حل عددی}{section.6.1}% 43
\BOOKMARK [1][-]{section.6.2}{مثال عددی برای مدل دوم}{chapter.6}% 44
\BOOKMARK [2][-]{subsection.6.2.1}{داده‌های مساله}{section.6.2}% 45
\BOOKMARK [2][-]{subsection.6.2.2}{نتایج حل عددی}{section.6.2}% 46
\BOOKMARK [1][-]{section.6.3}{نحوه محاسبه داده‌های VaR}{chapter.6}% 47
\BOOKMARK [1][-]{section.6.4}{نحوه محاسبه داده‌های MtT}{chapter.6}% 48
\BOOKMARK [1][-]{section.6.5}{تحلیل حساسیت}{chapter.6}% 49
\BOOKMARK [0][-]{chapter.7}{ضمایم}{}% 50
\BOOKMARK [1][-]{section.7.1}{کدهای مربوط به نرم‌افزار متلب}{chapter.7}% 51
\BOOKMARK [2][-]{subsection.7.1.1}{برنامه مربوط به محاسبه VaR}{section.7.1}% 52
\BOOKMARK [2][-]{subsection.7.1.2}{مدل اول \(تک منبعی\)}{section.7.1}% 53
\BOOKMARK [2][-]{subsection.7.1.3}{مدل دوم \(چند منبعی\)}{section.7.1}% 54
\BOOKMARK [1][-]{section.7.2}{کدهای مربوط به نرم‌افزار Rstudio}{chapter.7}% 55
\BOOKMARK [2][-]{subsection.7.2.1}{برنامه مربوط به محاسبه MtT}{section.7.2}% 56
\BOOKMARK [1][-]{section.7.3}{کدهای مربوط به نرم‌افزار گمز}{chapter.7}% 57
\BOOKMARK [2][-]{subsection.7.3.1}{مدل اول \(تک منبعی\)}{section.7.3}% 58
\BOOKMARK [2][-]{subsection.7.3.2}{مدل دوم \(مدل چند منبعی\)}{section.7.3}% 59
\BOOKMARK [0][-]{chapter*.49}{مراجع}{}% 60
